0 info it worked if it ends with ok
1 verbose cli [ '/Users/theohatzi/.nvm/versions/node/v5.3.0/bin/node',
1 verbose cli   '/Users/theohatzi/.nvm/versions/node/v5.3.0/bin/npm',
1 verbose cli   'run',
1 verbose cli   'test',
1 verbose cli   'watch' ]
2 info using npm@3.5.2
3 info using node@v5.3.0
4 verbose run-script [ 'pretest', 'test', 'posttest' ]
5 info lifecycle react-responsive-menu@0.0.1~pretest: react-responsive-menu@0.0.1
6 verbose lifecycle react-responsive-menu@0.0.1~pretest: unsafe-perm in lifecycle true
7 verbose lifecycle react-responsive-menu@0.0.1~pretest: PATH: /Users/theohatzi/.nvm/versions/node/v5.3.0/lib/node_modules/npm/bin/node-gyp-bin:/Users/theohatzi/git/react-responsive-menu/node_modules/.bin:/Users/theohatzi/.nvm/versions/node/v5.3.0/bin:/usr/local/bin:/usr/bin:/bin:/usr/sbin:/sbin:/usr/local/git/bin:/usr/local/bin
8 verbose lifecycle react-responsive-menu@0.0.1~pretest: CWD: /Users/theohatzi/git/react-responsive-menu
9 silly lifecycle react-responsive-menu@0.0.1~pretest: Args: [ '-c', 'npm run lint' ]
10 silly lifecycle react-responsive-menu@0.0.1~pretest: Returned: code: 1  signal: null
11 info lifecycle react-responsive-menu@0.0.1~pretest: Failed to exec pretest script
12 verbose stack Error: react-responsive-menu@0.0.1 pretest: `npm run lint`
12 verbose stack Exit status 1
12 verbose stack     at EventEmitter.<anonymous> (/Users/theohatzi/.nvm/versions/node/v5.3.0/lib/node_modules/npm/lib/utils/lifecycle.js:232:16)
12 verbose stack     at emitTwo (events.js:87:13)
12 verbose stack     at EventEmitter.emit (events.js:172:7)
12 verbose stack     at ChildProcess.<anonymous> (/Users/theohatzi/.nvm/versions/node/v5.3.0/lib/node_modules/npm/lib/utils/spawn.js:24:14)
12 verbose stack     at emitTwo (events.js:87:13)
12 verbose stack     at ChildProcess.emit (events.js:172:7)
12 verbose stack     at maybeClose (internal/child_process.js:818:16)
12 verbose stack     at Process.ChildProcess._handle.onexit (internal/child_process.js:211:5)
13 verbose pkgid react-responsive-menu@0.0.1
14 verbose cwd /Users/theohatzi/git/react-responsive-menu/example
15 error Darwin 15.2.0
16 error argv "/Users/theohatzi/.nvm/versions/node/v5.3.0/bin/node" "/Users/theohatzi/.nvm/versions/node/v5.3.0/bin/npm" "run" "test" "watch"
17 error node v5.3.0
18 error npm  v3.5.2
19 error code ELIFECYCLE
20 error react-responsive-menu@0.0.1 pretest: `npm run lint`
20 error Exit status 1
21 error Failed at the react-responsive-menu@0.0.1 pretest script 'npm run lint'.
21 error Make sure you have the latest version of node.js and npm installed.
21 error If you do, this is most likely a problem with the react-responsive-menu package,
21 error not with npm itself.
21 error Tell the author that this fails on your system:
21 error     npm run lint
21 error You can get information on how to open an issue for this project with:
21 error     npm bugs react-responsive-menu
21 error Or if that isn't available, you can get their info via:
21 error     npm owner ls react-responsive-menu
21 error There is likely additional logging output above.
22 verbose exit [ 1, true ]
